<?xml version="1.0" encoding="UTF-8"?>
<testsuite name="com.invisibles.scheduleservice.controller.LessonControllerTest" tests="5" skipped="0" failures="0" errors="0" timestamp="2023-05-02T17:49:06" hostname="MacBook-Pro-Evgenij.local" time="0.009">
  <properties/>
  <testcase name="deleteLesson()" classname="com.invisibles.scheduleservice.controller.LessonControllerTest" time="0.005"/>
  <testcase name="getAllUsers()" classname="com.invisibles.scheduleservice.controller.LessonControllerTest" time="0.0"/>
  <testcase name="updateUser()" classname="com.invisibles.scheduleservice.controller.LessonControllerTest" time="0.0"/>
  <testcase name="createLesson()" classname="com.invisibles.scheduleservice.controller.LessonControllerTest" time="0.0"/>
  <testcase name="getUserById()" classname="com.invisibles.scheduleservice.controller.LessonControllerTest" time="0.0"/>
  <system-out><![CDATA[]]></system-out>
  <system-err><![CDATA[]]></system-err>
</testsuite>
