<?xml version="1.0" encoding="UTF-8"?>
<testsuite name="com.invisibles.scheduleservice.updater.Model.GetWeekIdTest" tests="1" skipped="0" failures="0" errors="0" timestamp="2023-05-11T18:43:22" hostname="MacBook-Pro-Evgenij.local" time="0.002">
  <properties/>
  <testcase name="get()" classname="com.invisibles.scheduleservice.updater.Model.GetWeekIdTest" time="0.002"/>
  <system-out><![CDATA[653
]]></system-out>
  <system-err><![CDATA[]]></system-err>
</testsuite>
